<?xml version="1.0" encoding="UTF-8" ?>
<testsuite tests="7" failures="0" name="pl.akanza.NaukaSelenium.registrationTest" time="52.348" errors="0" skipped="2">
  <properties>
[...]
</properties>
  <testcase classname="pl.akanza.NaukaSelenium.registrationTest" name="SignIn" time="17.55"/>
  <testcase classname="pl.akanza.NaukaSelenium.registrationTest" name="RegistrationPositive" time="3.044"/>
  <testcase classname="pl.akanza.NaukaSelenium.registrationTest" name="RegistrationNegative" time="4.581"/>
  <testcase classname="pl.akanza.NaukaSelenium.registrationTest" name="RegistrationAlreadyEmail" time="3.9"/>
  <testcase classname="pl.akanza.NaukaSelenium.registrationTest" name="login" time="3.901">
    <skipped/>
  </testcase>
  <testcase classname="pl.akanza.NaukaSelenium.registrationTest" name="CreateUser1" time="9.686"/>
  <testcase classname="pl.akanza.NaukaSelenium.registrationTest" name="assertTrue" time="9.686">
    <skipped/>
  </testcase>
</testsuite>